Loading required package: Matrix
Loading required package: methods
[1] '1.1.13'

------------------------------------------------------------------------

Linear mixed model fit by REML ['lmerMod']
Formula: expressivity ~ generation + (1 + generation | chain)
   Data: exp2

REML criterion at convergence: 113.6

Scaled residuals: 
    Min      1Q  Median      3Q     Max 
-4.1206 -0.1648  0.0064  0.1776  4.4682 

Random effects:
 Groups   Name        Variance Std.Dev. Corr
 chain    (Intercept) 0.085607 0.29259      
          generation  0.006555 0.08096  1.00
 Residual             0.096209 0.31018      
Number of obs: 120, groups:  chain, 12

Fixed effects:
            Estimate Std. Error t value
(Intercept)  3.88788    0.09952   39.07
generation  -0.06212    0.02537   -2.45

Correlation of Fixed Effects:
           (Intr)
generation 0.609 
refitting model(s) with ML (instead of REML)
Data: exp2
Models:
null_model: expressivity ~ 1 + (1 + generation | chain)
model: expressivity ~ generation + (1 + generation | chain)
           Df    AIC    BIC  logLik deviance  Chisq Chi Df Pr(>Chisq)  
null_model  5 120.03 133.97 -55.017   110.03                           
model       6 116.84 133.57 -52.421   104.84 5.1911      1     0.0227 *
---
Signif. codes:  0 '***' 0.001 '**' 0.01 '*' 0.05 '.' 0.1 ' ' 1

------------------------------------------------------------------------

Linear mixed model fit by REML ['lmerMod']
Formula: error ~ generation + (1 + generation | chain)
   Data: exp2

REML criterion at convergence: 276.1

Scaled residuals: 
    Min      1Q  Median      3Q     Max 
-4.3426 -0.5005  0.0476  0.5596  2.6748 

Random effects:
 Groups   Name        Variance Std.Dev. Corr
 chain    (Intercept) 0.37676  0.6138       
          generation  0.02177  0.1475   0.04
 Residual             0.36609  0.6051       
Number of obs: 120, groups:  chain, 12

Fixed effects:
            Estimate Std. Error t value
(Intercept)  3.16135    0.20478  15.438
generation  -0.21974    0.04673  -4.702

Correlation of Fixed Effects:
           (Intr)
generation -0.141
refitting model(s) with ML (instead of REML)
Data: exp2
Models:
null_model: error ~ 1 + (1 + generation | chain)
model: error ~ generation + (1 + generation | chain)
           Df    AIC    BIC  logLik deviance  Chisq Chi Df Pr(>Chisq)    
null_model  5 293.62 307.55 -141.81   283.62                             
model       6 282.39 299.12 -135.20   270.39 13.223      1  0.0002765 ***
---
Signif. codes:  0 '***' 0.001 '**' 0.01 '*' 0.05 '.' 0.1 ' ' 1

------------------------------------------------------------------------

Linear mixed model fit by REML ['lmerMod']
Formula: complexity ~ generation + (1 + generation | chain)
   Data: exp2

REML criterion at convergence: 1449.7

Scaled residuals: 
     Min       1Q   Median       3Q      Max 
-3.07837 -0.58623 -0.01381  0.64688  2.81388 

Random effects:
 Groups   Name        Variance Std.Dev. Corr 
 chain    (Intercept) 10808.2  103.96        
          generation    355.7   18.86   -0.33
 Residual              7756.5   88.07        
Number of obs: 120, groups:  chain, 12

Fixed effects:
            Estimate Std. Error t value
(Intercept)  341.369     33.526   10.18
generation   -22.587      6.122   -3.69

Correlation of Fixed Effects:
           (Intr)
generation -0.436
refitting model(s) with ML (instead of REML)
Data: exp2
Models:
null_model: complexity ~ 1 + (1 + generation | chain)
model: complexity ~ generation + (1 + generation | chain)
           Df    AIC    BIC  logLik deviance Chisq Chi Df Pr(>Chisq)   
null_model  5 1483.4 1497.3 -736.70   1473.4                           
model       6 1475.7 1492.5 -731.87   1463.7 9.665      1   0.001878 **
---
Signif. codes:  0 '***' 0.001 '**' 0.01 '*' 0.05 '.' 0.1 ' ' 1

------------------------------------------------------------------------

Linear mixed model fit by REML ['lmerMod']
Formula: cost ~ generation + (1 + generation | chain)
   Data: exp2

REML criterion at convergence: -48.3

Scaled residuals: 
    Min      1Q  Median      3Q     Max 
-3.3655 -0.5350  0.0273  0.4258  2.4303 

Random effects:
 Groups   Name        Variance Std.Dev. Corr
 chain    (Intercept) 0.063961 0.25290      
          generation  0.001914 0.04375  0.16
 Residual             0.020731 0.14398      
Number of obs: 120, groups:  chain, 12

Fixed effects:
            Estimate Std. Error t value
(Intercept) 4.866610   0.076986   63.21
generation  0.008762   0.013432    0.65

Correlation of Fixed Effects:
           (Intr)
generation 0.053 
refitting model(s) with ML (instead of REML)
Data: exp2
Models:
null_model: cost ~ 1 + (1 + generation | chain)
model: cost ~ generation + (1 + generation | chain)
           Df     AIC     BIC logLik deviance  Chisq Chi Df Pr(>Chisq)
null_model  5 -47.991 -34.053 28.995  -57.991                         
model       6 -46.446 -29.721 29.223  -58.446 0.4555      1     0.4997
